Connecting to database specified by database.yml
Connecting to database specified by database.yml
Connecting to database specified by database.yml
Connecting to database specified by database.yml
Connecting to database specified by database.yml
Connecting to database specified by database.yml
Connecting to database specified by database.yml
  [1m[36m (0.1ms)[0m  [1mselect sqlite_version(*)[0m
  [1m[35m (2.0ms)[0m  CREATE TABLE "schema_migrations" ("version" varchar(255) NOT NULL) 
  [1m[36m (1.0ms)[0m  [1mCREATE UNIQUE INDEX "unique_schema_migrations" ON "schema_migrations" ("version")[0m
  [1m[35m (0.1ms)[0m  SELECT "schema_migrations"."version" FROM "schema_migrations" 
Migrating to CreateCars (20130531175908)
  [1m[36m (0.0ms)[0m  [1mbegin transaction[0m
  [1m[35m (0.4ms)[0m  CREATE TABLE "cars" ("id" INTEGER PRIMARY KEY AUTOINCREMENT NOT NULL, "name" varchar(255), "brand" varchar(255), "year" integer, "last_service" datetime, "engine_type" text, "created_at" datetime NOT NULL, "updated_at" datetime NOT NULL) 
  [1m[36m (0.1ms)[0m  [1mINSERT INTO "schema_migrations" ("version") VALUES ('20130531175908')[0m
  [1m[35m (1.0ms)[0m  commit transaction
  [1m[36m (0.1ms)[0m  [1mSELECT "schema_migrations"."version" FROM "schema_migrations" [0m
Connecting to database specified by database.yml
Connecting to database specified by database.yml


Started GET "/cars" for 127.0.0.1 at 2013-05-31 20:02:26 +0200
Processing by CarsController#index as HTML
  [1m[36mCar Load (31.7ms)[0m  [1mSELECT "cars".* FROM "cars" [0m
  Rendered cars/index.html.erb within layouts/application (3.4ms)
Compiled cars.css  (0ms)  (pid 11764)
Compiled scaffold.css  (0ms)  (pid 11764)
Compiled application.css  (36ms)  (pid 11764)
Compiled jquery.js  (2ms)  (pid 11764)
Compiled jquery_ujs.js  (0ms)  (pid 11764)
Compiled cars.js  (0ms)  (pid 11764)
Compiled application.js  (149ms)  (pid 11764)
Completed 200 OK in 905ms (Views: 780.2ms | ActiveRecord: 34.8ms)


Started GET "/assets/application.css?body=1" for 127.0.0.1 at 2013-05-31 20:02:27 +0200
Served asset /application.css - 200 OK (12ms)


Started GET "/assets/scaffold.css?body=1" for 127.0.0.1 at 2013-05-31 20:02:27 +0200
Served asset /scaffold.css - 200 OK (1ms)


Started GET "/assets/cars.js?body=1" for 127.0.0.1 at 2013-05-31 20:02:27 +0200
Served asset /cars.js - 200 OK (1ms)


Started GET "/assets/jquery_ujs.js?body=1" for 127.0.0.1 at 2013-05-31 20:02:27 +0200
Served asset /jquery_ujs.js - 304 Not Modified (1ms)


Started GET "/assets/jquery.js?body=1" for 127.0.0.1 at 2013-05-31 20:02:27 +0200
Served asset /jquery.js - 304 Not Modified (1ms)


Started GET "/assets/cars.css?body=1" for 127.0.0.1 at 2013-05-31 20:02:27 +0200
Served asset /cars.css - 200 OK (1ms)


Started GET "/assets/application.js?body=1" for 127.0.0.1 at 2013-05-31 20:02:27 +0200
Served asset /application.js - 200 OK (4ms)
Connecting to database specified by database.yml
  [1m[36m (0.1ms)[0m  [1mSELECT "schema_migrations"."version" FROM "schema_migrations" [0m
Migrating to CreateCars (20130531175908)
  [1m[35m (0.1ms)[0m  select sqlite_version(*)
  [1m[36m (0.1ms)[0m  [1mSELECT "schema_migrations"."version" FROM "schema_migrations" [0m
Connecting to database specified by database.yml


Started GET "/cars/new" for 127.0.0.1 at 2013-05-31 21:22:57 +0200
Processing by CarsController#new as HTML
  Rendered cars/_form.html.erb (72.1ms)
  Rendered cars/new.html.erb within layouts/application (134.3ms)
Completed 500 Internal Server Error in 380ms

ActionView::Template::Error (uninitialized constant BootstrapForm::Helper::FormNiceErrors):
    1: <%= bootstrap_form_for(@car) do |f| %>
    2:   <% if @car.errors.any? %>
    3:     <div id="error_explanation">
    4:       <h2><%= pluralize(@car.errors.count, "error") %> prohibited this car from being saved:</h2>
  app/views/cars/_form.html.erb:1:in `_app_views_cars__form_html_erb__4197609050454699795_70345699399400'
  app/views/cars/new.html.erb:3:in `_app_views_cars_new_html_erb__2238771367099004136_70345693324200'
  app/controllers/cars_controller.rb:29:in `new'


  Rendered /Users/miha/.rvm/gems/ruby-1.9.3-p194@global/gems/actionpack-3.2.13/lib/action_dispatch/middleware/templates/rescues/_trace.erb (1.3ms)
  Rendered /Users/miha/.rvm/gems/ruby-1.9.3-p194@global/gems/actionpack-3.2.13/lib/action_dispatch/middleware/templates/rescues/_request_and_response.erb (0.9ms)
  Rendered /Users/miha/.rvm/gems/ruby-1.9.3-p194@global/gems/actionpack-3.2.13/lib/action_dispatch/middleware/templates/rescues/template_error.erb within rescues/layout (9.0ms)


Started GET "/cars/new" for 127.0.0.1 at 2013-05-31 21:25:19 +0200
Processing by CarsController#new as HTML
  Rendered cars/_form.html.erb (2.5ms)
  Rendered cars/new.html.erb within layouts/application (19.7ms)
Completed 500 Internal Server Error in 54ms

ActionView::Template::Error (uninitialized constant BootstrapForm::Helper::FormNiceErrors):
    1: <%= bootstrap_form_for(@car) do |f| %>
    2:   <% if @car.errors.any? %>
    3:     <div id="error_explanation">
    4:       <h2><%= pluralize(@car.errors.count, "error") %> prohibited this car from being saved:</h2>
  app/views/cars/_form.html.erb:1:in `_app_views_cars__form_html_erb__4197609050454699795_70345699399400'
  app/views/cars/new.html.erb:3:in `_app_views_cars_new_html_erb__2238771367099004136_70345693324200'
  app/controllers/cars_controller.rb:29:in `new'


  Rendered /Users/miha/.rvm/gems/ruby-1.9.3-p194@global/gems/actionpack-3.2.13/lib/action_dispatch/middleware/templates/rescues/_trace.erb (1.3ms)
  Rendered /Users/miha/.rvm/gems/ruby-1.9.3-p194@global/gems/actionpack-3.2.13/lib/action_dispatch/middleware/templates/rescues/_request_and_response.erb (1.0ms)
  Rendered /Users/miha/.rvm/gems/ruby-1.9.3-p194@global/gems/actionpack-3.2.13/lib/action_dispatch/middleware/templates/rescues/template_error.erb within rescues/layout (8.2ms)


Started GET "/cars/new" for 127.0.0.1 at 2013-05-31 21:25:22 +0200
Processing by CarsController#new as HTML
  Rendered cars/_form.html.erb (2.9ms)
  Rendered cars/new.html.erb within layouts/application (3.7ms)
Completed 500 Internal Server Error in 5ms

ActionView::Template::Error (uninitialized constant BootstrapForm::Helper::FormNiceErrors):
    1: <%= bootstrap_form_for(@car) do |f| %>
    2:   <% if @car.errors.any? %>
    3:     <div id="error_explanation">
    4:       <h2><%= pluralize(@car.errors.count, "error") %> prohibited this car from being saved:</h2>
  app/views/cars/_form.html.erb:1:in `_app_views_cars__form_html_erb__4197609050454699795_70345699399400'
  app/views/cars/new.html.erb:3:in `_app_views_cars_new_html_erb__2238771367099004136_70345693324200'
  app/controllers/cars_controller.rb:29:in `new'


  Rendered /Users/miha/.rvm/gems/ruby-1.9.3-p194@global/gems/actionpack-3.2.13/lib/action_dispatch/middleware/templates/rescues/_trace.erb (1.1ms)
  Rendered /Users/miha/.rvm/gems/ruby-1.9.3-p194@global/gems/actionpack-3.2.13/lib/action_dispatch/middleware/templates/rescues/_request_and_response.erb (0.9ms)
  Rendered /Users/miha/.rvm/gems/ruby-1.9.3-p194@global/gems/actionpack-3.2.13/lib/action_dispatch/middleware/templates/rescues/template_error.erb within rescues/layout (6.5ms)


Started GET "/cars/new" for 127.0.0.1 at 2013-05-31 21:26:10 +0200
Processing by CarsController#new as HTML
  Rendered cars/_form.html.erb (1.9ms)
  Rendered cars/new.html.erb within layouts/application (2.4ms)
Completed 500 Internal Server Error in 4ms

ActionView::Template::Error (uninitialized constant BootstrapForm::Helper::FormNiceErrors):
    1: <%= bootstrap_form_for(@car) do |f| %>
    2:   <% if @car.errors.any? %>
    3:     <div id="error_explanation">
    4:       <h2><%= pluralize(@car.errors.count, "error") %> prohibited this car from being saved:</h2>
  app/views/cars/_form.html.erb:1:in `_app_views_cars__form_html_erb__4197609050454699795_70345699399400'
  app/views/cars/new.html.erb:3:in `_app_views_cars_new_html_erb__2238771367099004136_70345693324200'
  app/controllers/cars_controller.rb:29:in `new'


  Rendered /Users/miha/.rvm/gems/ruby-1.9.3-p194@global/gems/actionpack-3.2.13/lib/action_dispatch/middleware/templates/rescues/_trace.erb (1.2ms)
  Rendered /Users/miha/.rvm/gems/ruby-1.9.3-p194@global/gems/actionpack-3.2.13/lib/action_dispatch/middleware/templates/rescues/_request_and_response.erb (0.8ms)
  Rendered /Users/miha/.rvm/gems/ruby-1.9.3-p194@global/gems/actionpack-3.2.13/lib/action_dispatch/middleware/templates/rescues/template_error.erb within rescues/layout (6.2ms)


Started GET "/cars/new" for 127.0.0.1 at 2013-05-31 21:26:11 +0200
Processing by CarsController#new as HTML
  Rendered cars/_form.html.erb (2.0ms)
  Rendered cars/new.html.erb within layouts/application (2.5ms)
Completed 500 Internal Server Error in 4ms

ActionView::Template::Error (uninitialized constant BootstrapForm::Helper::FormNiceErrors):
    1: <%= bootstrap_form_for(@car) do |f| %>
    2:   <% if @car.errors.any? %>
    3:     <div id="error_explanation">
    4:       <h2><%= pluralize(@car.errors.count, "error") %> prohibited this car from being saved:</h2>
  app/views/cars/_form.html.erb:1:in `_app_views_cars__form_html_erb__4197609050454699795_70345699399400'
  app/views/cars/new.html.erb:3:in `_app_views_cars_new_html_erb__2238771367099004136_70345693324200'
  app/controllers/cars_controller.rb:29:in `new'


  Rendered /Users/miha/.rvm/gems/ruby-1.9.3-p194@global/gems/actionpack-3.2.13/lib/action_dispatch/middleware/templates/rescues/_trace.erb (1.1ms)
  Rendered /Users/miha/.rvm/gems/ruby-1.9.3-p194@global/gems/actionpack-3.2.13/lib/action_dispatch/middleware/templates/rescues/_request_and_response.erb (0.8ms)
  Rendered /Users/miha/.rvm/gems/ruby-1.9.3-p194@global/gems/actionpack-3.2.13/lib/action_dispatch/middleware/templates/rescues/template_error.erb within rescues/layout (29.1ms)


Started GET "/cars/new" for 127.0.0.1 at 2013-05-31 21:27:29 +0200
Processing by CarsController#new as HTML
  Rendered cars/_form.html.erb (2.5ms)
  Rendered cars/new.html.erb within layouts/application (19.8ms)
Completed 500 Internal Server Error in 68ms

ActionView::Template::Error (uninitialized constant BootstrapForm::Helper::FormNiceErrors):
    1: <%= bootstrap_form_for(@car) do |f| %>
    2:   <% if @car.errors.any? %>
    3:     <div id="error_explanation">
    4:       <h2><%= pluralize(@car.errors.count, "error") %> prohibited this car from being saved:</h2>
  app/views/cars/_form.html.erb:1:in `_app_views_cars__form_html_erb__4197609050454699795_70345699399400'
  app/views/cars/new.html.erb:3:in `_app_views_cars_new_html_erb__2238771367099004136_70345693324200'
  app/controllers/cars_controller.rb:29:in `new'


  Rendered /Users/miha/.rvm/gems/ruby-1.9.3-p194@global/gems/actionpack-3.2.13/lib/action_dispatch/middleware/templates/rescues/_trace.erb (1.4ms)
  Rendered /Users/miha/.rvm/gems/ruby-1.9.3-p194@global/gems/actionpack-3.2.13/lib/action_dispatch/middleware/templates/rescues/_request_and_response.erb (1.0ms)
  Rendered /Users/miha/.rvm/gems/ruby-1.9.3-p194@global/gems/actionpack-3.2.13/lib/action_dispatch/middleware/templates/rescues/template_error.erb within rescues/layout (8.5ms)


Started GET "/cars/new" for 127.0.0.1 at 2013-05-31 21:27:31 +0200
Processing by CarsController#new as HTML
  Rendered cars/_form.html.erb (1.7ms)
  Rendered cars/new.html.erb within layouts/application (2.2ms)
Completed 500 Internal Server Error in 4ms

ActionView::Template::Error (uninitialized constant BootstrapForm::Helper::FormNiceErrors):
    1: <%= bootstrap_form_for(@car) do |f| %>
    2:   <% if @car.errors.any? %>
    3:     <div id="error_explanation">
    4:       <h2><%= pluralize(@car.errors.count, "error") %> prohibited this car from being saved:</h2>
  app/views/cars/_form.html.erb:1:in `_app_views_cars__form_html_erb__4197609050454699795_70345699399400'
  app/views/cars/new.html.erb:3:in `_app_views_cars_new_html_erb__2238771367099004136_70345693324200'
  app/controllers/cars_controller.rb:29:in `new'


  Rendered /Users/miha/.rvm/gems/ruby-1.9.3-p194@global/gems/actionpack-3.2.13/lib/action_dispatch/middleware/templates/rescues/_trace.erb (1.1ms)
  Rendered /Users/miha/.rvm/gems/ruby-1.9.3-p194@global/gems/actionpack-3.2.13/lib/action_dispatch/middleware/templates/rescues/_request_and_response.erb (0.8ms)
  Rendered /Users/miha/.rvm/gems/ruby-1.9.3-p194@global/gems/actionpack-3.2.13/lib/action_dispatch/middleware/templates/rescues/template_error.erb within rescues/layout (6.6ms)
Connecting to database specified by database.yml


Started GET "/cars/new" for 127.0.0.1 at 2013-05-31 21:30:18 +0200
Processing by CarsController#new as HTML
  Rendered cars/_form.html.erb (4.2ms)
  Rendered cars/new.html.erb within layouts/application (27.0ms)
Completed 500 Internal Server Error in 101ms

ActionView::Template::Error (uninitialized constant BootstrapForm::FormBuilder):
    1: <%= bootstrap_form_for(@car) do |f| %>
    2:   <% if @car.errors.any? %>
    3:     <div id="error_explanation">
    4:       <h2><%= pluralize(@car.errors.count, "error") %> prohibited this car from being saved:</h2>
  app/views/cars/_form.html.erb:1:in `_app_views_cars__form_html_erb__59688687220572080_70238446825600'
  app/views/cars/new.html.erb:3:in `_app_views_cars_new_html_erb___2158137915829609749_70238451090740'
  app/controllers/cars_controller.rb:29:in `new'


  Rendered /Users/miha/.rvm/gems/ruby-1.9.3-p194@global/gems/actionpack-3.2.13/lib/action_dispatch/middleware/templates/rescues/_trace.erb (1.0ms)
  Rendered /Users/miha/.rvm/gems/ruby-1.9.3-p194@global/gems/actionpack-3.2.13/lib/action_dispatch/middleware/templates/rescues/_request_and_response.erb (0.8ms)
  Rendered /Users/miha/.rvm/gems/ruby-1.9.3-p194@global/gems/actionpack-3.2.13/lib/action_dispatch/middleware/templates/rescues/template_error.erb within rescues/layout (6.0ms)


Started GET "/cars/new" for 127.0.0.1 at 2013-05-31 21:30:20 +0200
Processing by CarsController#new as HTML
  Rendered cars/_form.html.erb (0.9ms)
  Rendered cars/new.html.erb within layouts/application (1.3ms)
Completed 500 Internal Server Error in 3ms

ActionView::Template::Error (uninitialized constant BootstrapForm::FormBuilder):
    1: <%= bootstrap_form_for(@car) do |f| %>
    2:   <% if @car.errors.any? %>
    3:     <div id="error_explanation">
    4:       <h2><%= pluralize(@car.errors.count, "error") %> prohibited this car from being saved:</h2>
  app/views/cars/_form.html.erb:1:in `_app_views_cars__form_html_erb__59688687220572080_70238446825600'
  app/views/cars/new.html.erb:3:in `_app_views_cars_new_html_erb___2158137915829609749_70238451090740'
  app/controllers/cars_controller.rb:29:in `new'


  Rendered /Users/miha/.rvm/gems/ruby-1.9.3-p194@global/gems/actionpack-3.2.13/lib/action_dispatch/middleware/templates/rescues/_trace.erb (1.0ms)
  Rendered /Users/miha/.rvm/gems/ruby-1.9.3-p194@global/gems/actionpack-3.2.13/lib/action_dispatch/middleware/templates/rescues/_request_and_response.erb (0.7ms)
  Rendered /Users/miha/.rvm/gems/ruby-1.9.3-p194@global/gems/actionpack-3.2.13/lib/action_dispatch/middleware/templates/rescues/template_error.erb within rescues/layout (5.7ms)
Connecting to database specified by database.yml


Started GET "/cars/new" for 127.0.0.1 at 2013-05-31 21:32:22 +0200
Processing by CarsController#new as HTML
  Rendered cars/_form.html.erb (11.5ms)
  Rendered cars/new.html.erb within layouts/application (15.3ms)
Completed 200 OK in 192ms (Views: 172.5ms | ActiveRecord: 1.4ms)


Started GET "/assets/application.css?body=1" for 127.0.0.1 at 2013-05-31 21:32:22 +0200
Served asset /application.css - 304 Not Modified (5ms)


Started GET "/assets/cars.css?body=1" for 127.0.0.1 at 2013-05-31 21:32:22 +0200
Served asset /cars.css - 304 Not Modified (1ms)


Started GET "/assets/scaffold.css?body=1" for 127.0.0.1 at 2013-05-31 21:32:22 +0200
Served asset /scaffold.css - 304 Not Modified (2ms)


Started GET "/assets/jquery.js?body=1" for 127.0.0.1 at 2013-05-31 21:32:22 +0200
Served asset /jquery.js - 304 Not Modified (5ms)


Started GET "/assets/jquery_ujs.js?body=1" for 127.0.0.1 at 2013-05-31 21:32:22 +0200
Served asset /jquery_ujs.js - 304 Not Modified (1ms)


Started GET "/assets/cars.js?body=1" for 127.0.0.1 at 2013-05-31 21:32:22 +0200
Served asset /cars.js - 304 Not Modified (1ms)


Started GET "/assets/application.js?body=1" for 127.0.0.1 at 2013-05-31 21:32:22 +0200
Served asset /application.js - 304 Not Modified (5ms)


Started POST "/cars" for 127.0.0.1 at 2013-05-31 21:33:23 +0200

ActionController::RoutingError (undefined method `validate_presence_of' for #<Class:0x007f80145088b8>):
  app/models/car.rb:3:in `<class:Car>'
  app/models/car.rb:1:in `<top (required)>'
  app/controllers/cars_controller.rb:1:in `<top (required)>'


  Rendered /Users/miha/.rvm/gems/ruby-1.9.3-p194@global/gems/actionpack-3.2.13/lib/action_dispatch/middleware/templates/rescues/routing_error.erb within rescues/layout (0.9ms)


Started POST "/cars" for 127.0.0.1 at 2013-05-31 21:33:37 +0200
Processing by CarsController#create as HTML
  Parameters: {"utf8"=>"✓", "authenticity_token"=>"bPEzseSFLj6orO+3UhYBS1CZZwcda/AnoyK8rSQze4k=", "car"=>{"name"=>"", "brand"=>"", "year"=>"", "last_service(1i)"=>"2013", "last_service(2i)"=>"5", "last_service(3i)"=>"31", "last_service(4i)"=>"19", "last_service(5i)"=>"32", "engine_type"=>""}, "commit"=>"Create Car"}
  [1m[36m (0.1ms)[0m  [1mbegin transaction[0m
  [1m[35m (0.0ms)[0m  rollback transaction
  Rendered cars/_form.html.erb (7.0ms)
  Rendered cars/new.html.erb within layouts/application (7.7ms)
Completed 200 OK in 24ms (Views: 11.2ms | ActiveRecord: 0.6ms)


Started GET "/assets/cars.css?body=1" for 127.0.0.1 at 2013-05-31 21:33:38 +0200
Served asset /cars.css - 304 Not Modified (0ms)


Started GET "/assets/application.css?body=1" for 127.0.0.1 at 2013-05-31 21:33:38 +0200
Served asset /application.css - 304 Not Modified (0ms)


Started GET "/assets/jquery.js?body=1" for 127.0.0.1 at 2013-05-31 21:33:38 +0200
Served asset /jquery.js - 304 Not Modified (0ms)


Started GET "/assets/scaffold.css?body=1" for 127.0.0.1 at 2013-05-31 21:33:38 +0200
Served asset /scaffold.css - 304 Not Modified (0ms)


Started GET "/assets/jquery_ujs.js?body=1" for 127.0.0.1 at 2013-05-31 21:33:38 +0200
Served asset /jquery_ujs.js - 304 Not Modified (0ms)


Started GET "/assets/cars.js?body=1" for 127.0.0.1 at 2013-05-31 21:33:38 +0200
Served asset /cars.js - 304 Not Modified (0ms)


Started GET "/assets/application.js?body=1" for 127.0.0.1 at 2013-05-31 21:33:38 +0200
Served asset /application.js - 304 Not Modified (0ms)
Connecting to database specified by database.yml


Started POST "/cars" for 127.0.0.1 at 2013-05-31 21:37:37 +0200
Processing by CarsController#create as HTML
  Parameters: {"utf8"=>"✓", "authenticity_token"=>"bPEzseSFLj6orO+3UhYBS1CZZwcda/AnoyK8rSQze4k=", "car"=>{"name"=>"", "brand"=>"", "year"=>"", "last_service(1i)"=>"2013", "last_service(2i)"=>"5", "last_service(3i)"=>"31", "last_service(4i)"=>"19", "last_service(5i)"=>"32", "engine_type"=>""}, "commit"=>"Create Car"}
  [1m[36m (0.1ms)[0m  [1mbegin transaction[0m
  [1m[35m (0.1ms)[0m  rollback transaction
  Rendered cars/_form.html.erb (9.0ms)
  Rendered cars/new.html.erb within layouts/application (41.6ms)
Compiled scaffold.css  (0ms)  (pid 12423)
Completed 500 Internal Server Error in 351ms

ActionView::Template::Error (File to import not found or unreadable: twitter/bootstrap.
Load path: /Users/miha/www_github/bootstrap_form/spec/dummy
  (in /Users/miha/www_github/bootstrap_form/spec/dummy/app/assets/stylesheets/cars.css.scss)):
    2: <html>
    3: <head>
    4:   <title>Dummy</title>
    5:   <%= stylesheet_link_tag    "application", :media => "all" %>
    6:   <%= javascript_include_tag "application" %>
    7:   <%= csrf_meta_tags %>
    8: </head>
  app/assets/stylesheets/cars.css.scss:1
  app/views/layouts/application.html.erb:5:in `_app_views_layouts_application_html_erb___1326513638173750740_70175062756680'
  app/controllers/cars_controller.rb:50:in `block (2 levels) in create'
  app/controllers/cars_controller.rb:45:in `create'


  Rendered /Users/miha/.rvm/gems/ruby-1.9.3-p194@global/gems/actionpack-3.2.13/lib/action_dispatch/middleware/templates/rescues/_trace.erb (1.2ms)
  Rendered /Users/miha/.rvm/gems/ruby-1.9.3-p194@global/gems/actionpack-3.2.13/lib/action_dispatch/middleware/templates/rescues/_request_and_response.erb (0.9ms)
  Rendered /Users/miha/.rvm/gems/ruby-1.9.3-p194@global/gems/actionpack-3.2.13/lib/action_dispatch/middleware/templates/rescues/template_error.erb within rescues/layout (8.1ms)


Started POST "/cars" for 127.0.0.1 at 2013-05-31 21:38:49 +0200
Processing by CarsController#create as HTML
  Parameters: {"utf8"=>"✓", "authenticity_token"=>"bPEzseSFLj6orO+3UhYBS1CZZwcda/AnoyK8rSQze4k=", "car"=>{"name"=>"", "brand"=>"", "year"=>"", "last_service(1i)"=>"2013", "last_service(2i)"=>"5", "last_service(3i)"=>"31", "last_service(4i)"=>"19", "last_service(5i)"=>"32", "engine_type"=>""}, "commit"=>"Create Car"}
  [1m[36m (0.1ms)[0m  [1mbegin transaction[0m
  [1m[35m (0.0ms)[0m  rollback transaction
  Rendered cars/_form.html.erb (8.6ms)
  Rendered cars/new.html.erb within layouts/application (19.7ms)
Completed 500 Internal Server Error in 100ms

ActionView::Template::Error (File to import not found or unreadable: twitter/bootstrap.
Load path: /Users/miha/www_github/bootstrap_form/spec/dummy
  (in /Users/miha/www_github/bootstrap_form/spec/dummy/app/assets/stylesheets/cars.css.scss)):
    2: <html>
    3: <head>
    4:   <title>Dummy</title>
    5:   <%= stylesheet_link_tag    "application", :media => "all" %>
    6:   <%= javascript_include_tag "application" %>
    7:   <%= csrf_meta_tags %>
    8: </head>
  app/assets/stylesheets/cars.css.scss:1
  app/views/layouts/application.html.erb:5:in `_app_views_layouts_application_html_erb___1326513638173750740_70175062756680'
  app/controllers/cars_controller.rb:50:in `block (2 levels) in create'
  app/controllers/cars_controller.rb:45:in `create'


  Rendered /Users/miha/.rvm/gems/ruby-1.9.3-p194@global/gems/actionpack-3.2.13/lib/action_dispatch/middleware/templates/rescues/_trace.erb (1.2ms)
  Rendered /Users/miha/.rvm/gems/ruby-1.9.3-p194@global/gems/actionpack-3.2.13/lib/action_dispatch/middleware/templates/rescues/_request_and_response.erb (1.1ms)
  Rendered /Users/miha/.rvm/gems/ruby-1.9.3-p194@global/gems/actionpack-3.2.13/lib/action_dispatch/middleware/templates/rescues/template_error.erb within rescues/layout (6.6ms)


Started POST "/cars" for 127.0.0.1 at 2013-05-31 21:39:39 +0200
Processing by CarsController#create as HTML
  Parameters: {"utf8"=>"✓", "authenticity_token"=>"bPEzseSFLj6orO+3UhYBS1CZZwcda/AnoyK8rSQze4k=", "car"=>{"name"=>"", "brand"=>"", "year"=>"", "last_service(1i)"=>"2013", "last_service(2i)"=>"5", "last_service(3i)"=>"31", "last_service(4i)"=>"19", "last_service(5i)"=>"32", "engine_type"=>""}, "commit"=>"Create Car"}
  [1m[36m (0.1ms)[0m  [1mbegin transaction[0m
  [1m[35m (0.0ms)[0m  rollback transaction
  Rendered cars/_form.html.erb (8.5ms)
  Rendered cars/new.html.erb within layouts/application (26.2ms)
Completed 500 Internal Server Error in 122ms

ActionView::Template::Error (require_tree argument must be a relative path
  (in /Users/miha/www_github/bootstrap_form/spec/dummy/app/assets/stylesheets/application.css:13)):
    2: <html>
    3: <head>
    4:   <title>Dummy</title>
    5:   <%= stylesheet_link_tag    "application", :media => "all" %>
    6:   <%= javascript_include_tag "application" %>
    7:   <%= csrf_meta_tags %>
    8: </head>
  app/views/layouts/application.html.erb:5:in `_app_views_layouts_application_html_erb___1326513638173750740_70175062756680'
  app/controllers/cars_controller.rb:50:in `block (2 levels) in create'
  app/controllers/cars_controller.rb:45:in `create'


  Rendered /Users/miha/.rvm/gems/ruby-1.9.3-p194@global/gems/actionpack-3.2.13/lib/action_dispatch/middleware/templates/rescues/_trace.erb (1.5ms)
  Rendered /Users/miha/.rvm/gems/ruby-1.9.3-p194@global/gems/actionpack-3.2.13/lib/action_dispatch/middleware/templates/rescues/_request_and_response.erb (1.2ms)
  Rendered /Users/miha/.rvm/gems/ruby-1.9.3-p194@global/gems/actionpack-3.2.13/lib/action_dispatch/middleware/templates/rescues/template_error.erb within rescues/layout (8.8ms)


Started POST "/cars" for 127.0.0.1 at 2013-05-31 21:40:08 +0200
Processing by CarsController#create as HTML
  Parameters: {"utf8"=>"✓", "authenticity_token"=>"bPEzseSFLj6orO+3UhYBS1CZZwcda/AnoyK8rSQze4k=", "car"=>{"name"=>"", "brand"=>"", "year"=>"", "last_service(1i)"=>"2013", "last_service(2i)"=>"5", "last_service(3i)"=>"31", "last_service(4i)"=>"19", "last_service(5i)"=>"32", "engine_type"=>""}, "commit"=>"Create Car"}
  [1m[36m (0.1ms)[0m  [1mbegin transaction[0m
  [1m[35m (0.0ms)[0m  rollback transaction
  Rendered cars/_form.html.erb (6.5ms)
  Rendered cars/new.html.erb within layouts/application (7.2ms)
Compiled cars.css  (20ms)  (pid 12423)
Completed 500 Internal Server Error in 124ms

ActionView::Template::Error (File to import not found or unreadable: twitter/bootstrap/variables.
Load path: /Users/miha/www_github/bootstrap_form/spec/dummy
  (in /Users/miha/.rvm/gems/ruby-1.9.3-p194@global/gems/bootstrap-sass-rails-2.3.1.1/vendor/assets/stylesheets/twitter/bootstrap.css.scss)):
    2: <html>
    3: <head>
    4:   <title>Dummy</title>
    5:   <%= stylesheet_link_tag    "application", :media => "all" %>
    6:   <%= javascript_include_tag "application" %>
    7:   <%= csrf_meta_tags %>
    8: </head>
  app/views/layouts/application.html.erb:5:in `_app_views_layouts_application_html_erb___1326513638173750740_70175062756680'
  app/controllers/cars_controller.rb:50:in `block (2 levels) in create'
  app/controllers/cars_controller.rb:45:in `create'


  Rendered /Users/miha/.rvm/gems/ruby-1.9.3-p194@global/gems/actionpack-3.2.13/lib/action_dispatch/middleware/templates/rescues/_trace.erb (1.2ms)
  Rendered /Users/miha/.rvm/gems/ruby-1.9.3-p194@global/gems/actionpack-3.2.13/lib/action_dispatch/middleware/templates/rescues/_request_and_response.erb (0.9ms)
  Rendered /Users/miha/.rvm/gems/ruby-1.9.3-p194@global/gems/actionpack-3.2.13/lib/action_dispatch/middleware/templates/rescues/template_error.erb within rescues/layout (6.1ms)
Connecting to database specified by database.yml


Started POST "/cars" for 127.0.0.1 at 2013-05-31 21:41:34 +0200
Processing by CarsController#create as HTML
  Parameters: {"utf8"=>"✓", "authenticity_token"=>"bPEzseSFLj6orO+3UhYBS1CZZwcda/AnoyK8rSQze4k=", "car"=>{"name"=>"", "brand"=>"", "year"=>"", "last_service(1i)"=>"2013", "last_service(2i)"=>"5", "last_service(3i)"=>"31", "last_service(4i)"=>"19", "last_service(5i)"=>"32", "engine_type"=>""}, "commit"=>"Create Car"}
  [1m[36m (0.1ms)[0m  [1mbegin transaction[0m
  [1m[35m (0.1ms)[0m  rollback transaction
  Rendered cars/_form.html.erb (13.4ms)
  Rendered cars/new.html.erb within layouts/application (35.3ms)
Completed 500 Internal Server Error in 385ms

ActionView::Template::Error (File to import not found or unreadable: twitter/bootstrap/variables.
Load path: /Users/miha/www_github/bootstrap_form/spec/dummy
  (in /Users/miha/.rvm/gems/ruby-1.9.3-p194@global/gems/bootstrap-sass-rails-2.3.1.1/vendor/assets/stylesheets/twitter/bootstrap.css.scss)):
    2: <html>
    3: <head>
    4:   <title>Dummy</title>
    5:   <%= stylesheet_link_tag    "application", :media => "all" %>
    6:   <%= javascript_include_tag "application" %>
    7:   <%= csrf_meta_tags %>
    8: </head>
  app/views/layouts/application.html.erb:5:in `_app_views_layouts_application_html_erb___51586236512585774_70268452495240'
  app/controllers/cars_controller.rb:50:in `block (2 levels) in create'
  app/controllers/cars_controller.rb:45:in `create'


  Rendered /Users/miha/.rvm/gems/ruby-1.9.3-p194@global/gems/actionpack-3.2.13/lib/action_dispatch/middleware/templates/rescues/_trace.erb (1.2ms)
  Rendered /Users/miha/.rvm/gems/ruby-1.9.3-p194@global/gems/actionpack-3.2.13/lib/action_dispatch/middleware/templates/rescues/_request_and_response.erb (0.9ms)
  Rendered /Users/miha/.rvm/gems/ruby-1.9.3-p194@global/gems/actionpack-3.2.13/lib/action_dispatch/middleware/templates/rescues/template_error.erb within rescues/layout (8.0ms)
Connecting to database specified by database.yml


Started POST "/cars" for 127.0.0.1 at 2013-05-31 22:27:48 +0200
Processing by CarsController#create as HTML
  Parameters: {"utf8"=>"✓", "authenticity_token"=>"bPEzseSFLj6orO+3UhYBS1CZZwcda/AnoyK8rSQze4k=", "car"=>{"name"=>"", "brand"=>"", "year"=>"", "last_service(1i)"=>"2013", "last_service(2i)"=>"5", "last_service(3i)"=>"31", "last_service(4i)"=>"19", "last_service(5i)"=>"32", "engine_type"=>""}, "commit"=>"Create Car"}
  [1m[36m (0.1ms)[0m  [1mbegin transaction[0m
  [1m[35m (0.1ms)[0m  rollback transaction
  Rendered cars/_form.html.erb (8.2ms)
  Rendered cars/new.html.erb within layouts/application (36.0ms)
Completed 500 Internal Server Error in 260ms

ActionView::Template::Error (File to import not found or unreadable: twitter/bootstrap/variables.
Load path: /Users/miha/www_github/bootstrap_form/spec/dummy
  (in /Users/miha/.rvm/gems/ruby-1.9.3-p194@global/gems/bootstrap-sass-rails-2.3.1.1/vendor/assets/stylesheets/twitter/bootstrap.css.scss)):
    2: <html>
    3: <head>
    4:   <title>Dummy</title>
    5:   <%= stylesheet_link_tag    "application", :media => "all" %>
    6:   <%= javascript_include_tag "application" %>
    7:   <%= csrf_meta_tags %>
    8: </head>
  app/views/layouts/application.html.erb:5:in `_app_views_layouts_application_html_erb___2806520850259305907_70257195798140'
  app/controllers/cars_controller.rb:50:in `block (2 levels) in create'
  app/controllers/cars_controller.rb:45:in `create'


  Rendered /Users/miha/.rvm/gems/ruby-1.9.3-p194@global/gems/actionpack-3.2.13/lib/action_dispatch/middleware/templates/rescues/_trace.erb (1.2ms)
  Rendered /Users/miha/.rvm/gems/ruby-1.9.3-p194@global/gems/actionpack-3.2.13/lib/action_dispatch/middleware/templates/rescues/_request_and_response.erb (1.1ms)
  Rendered /Users/miha/.rvm/gems/ruby-1.9.3-p194@global/gems/actionpack-3.2.13/lib/action_dispatch/middleware/templates/rescues/template_error.erb within rescues/layout (23.3ms)


Started POST "/cars" for 127.0.0.1 at 2013-05-31 22:28:32 +0200
Processing by CarsController#create as HTML
  Parameters: {"utf8"=>"✓", "authenticity_token"=>"bPEzseSFLj6orO+3UhYBS1CZZwcda/AnoyK8rSQze4k=", "car"=>{"name"=>"", "brand"=>"", "year"=>"", "last_service(1i)"=>"2013", "last_service(2i)"=>"5", "last_service(3i)"=>"31", "last_service(4i)"=>"19", "last_service(5i)"=>"32", "engine_type"=>""}, "commit"=>"Create Car"}
  [1m[36m (0.1ms)[0m  [1mbegin transaction[0m
  [1m[35m (0.0ms)[0m  rollback transaction
  Rendered cars/_form.html.erb (7.1ms)
  Rendered cars/new.html.erb within layouts/application (7.7ms)
Compiled application.css  (2ms)  (pid 13020)
Completed 200 OK in 126ms (Views: 123.8ms | ActiveRecord: 0.1ms)


Started GET "/assets/application.css?body=1" for 127.0.0.1 at 2013-05-31 22:28:32 +0200
Served asset /application.css - 304 Not Modified (28ms)


Started GET "/assets/cars.css?body=1" for 127.0.0.1 at 2013-05-31 22:28:32 +0200
Served asset /cars.css - 200 OK (1ms)


Started GET "/assets/cars.js?body=1" for 127.0.0.1 at 2013-05-31 22:28:32 +0200
Served asset /cars.js - 304 Not Modified (1ms)


Started GET "/assets/scaffold.css?body=1" for 127.0.0.1 at 2013-05-31 22:28:32 +0200
Served asset /scaffold.css - 200 OK (1ms)


Started GET "/assets/application.js?body=1" for 127.0.0.1 at 2013-05-31 22:28:32 +0200
Served asset /application.js - 304 Not Modified (4ms)


Started GET "/assets/jquery_ujs.js?body=1" for 127.0.0.1 at 2013-05-31 22:28:32 +0200
Served asset /jquery_ujs.js - 304 Not Modified (1ms)


Started GET "/assets/jquery.js?body=1" for 127.0.0.1 at 2013-05-31 22:28:32 +0200
Served asset /jquery.js - 304 Not Modified (2ms)


Started POST "/cars" for 127.0.0.1 at 2013-05-31 22:30:34 +0200
Processing by CarsController#create as HTML
  Parameters: {"utf8"=>"✓", "authenticity_token"=>"bPEzseSFLj6orO+3UhYBS1CZZwcda/AnoyK8rSQze4k=", "car"=>{"name"=>"", "brand"=>"", "year"=>"", "last_service(1i)"=>"2013", "last_service(2i)"=>"5", "last_service(3i)"=>"31", "last_service(4i)"=>"19", "last_service(5i)"=>"32", "engine_type"=>""}, "commit"=>"Create Car"}
  [1m[36m (0.1ms)[0m  [1mbegin transaction[0m
  [1m[35m (0.0ms)[0m  rollback transaction
  Rendered cars/_form.html.erb (6.9ms)
  Rendered cars/new.html.erb within layouts/application (7.6ms)
Completed 200 OK in 77ms (Views: 52.4ms | ActiveRecord: 0.1ms)


Started GET "/assets/application.css?body=1" for 127.0.0.1 at 2013-05-31 22:30:34 +0200
Served asset /application.css - 304 Not Modified (0ms)


Started GET "/assets/jquery.js?body=1" for 127.0.0.1 at 2013-05-31 22:30:34 +0200
Served asset /jquery.js - 304 Not Modified (0ms)


Started GET "/assets/jquery_ujs.js?body=1" for 127.0.0.1 at 2013-05-31 22:30:34 +0200
Served asset /jquery_ujs.js - 304 Not Modified (0ms)


Started GET "/assets/cars.js?body=1" for 127.0.0.1 at 2013-05-31 22:30:34 +0200
Served asset /cars.js - 304 Not Modified (0ms)


Started GET "/assets/application.js?body=1" for 127.0.0.1 at 2013-05-31 22:30:34 +0200
Served asset /application.js - 304 Not Modified (0ms)
